<component name="libraryTable">
  <library name="junit-platform-console-standalone-1.11.0-M2">
    <CLASSES>
      <root url="jar://$PROJECT_DIR$/Simple Calculator/lib/junit-platform-console-standalone-1.11.0-M2.jar!/" />
    </CLASSES>
    <JAVADOC />
    <SOURCES />
  </library>
</component>